#! /opt/local/bin/vvp
:ivl_version "0.9.7 " "(v0_9_7)";
:vpi_time_precision + 0;
:vpi_module "system";
:vpi_module "v2005_math";
:vpi_module "va_math";
S_0x7fd610e05650 .scope module, "PISO" "PISO" 2 1;
 .timescale 0 0;
v0x7fd610e05730_0 .var "Q_out", 9 0;
v0x7fd610e15770_0 .net "clk", 0 0, C4<z>; 0 drivers
v0x7fd610e15800_0 .net "data_in", 9 0, C4<zzzzzzzzzz>; 0 drivers
v0x7fd610e15880_0 .net "data_out", 0 0, L_0x7fd610e15a60; 1 drivers
v0x7fd610e15910_0 .net "load_n", 0 0, C4<z>; 0 drivers
v0x7fd610e159d0_0 .net "reset", 0 0, C4<z>; 0 drivers
E_0x7fd610e00900 .event posedge, v0x7fd610e159d0_0, v0x7fd610e15770_0;
L_0x7fd610e15a60 .part v0x7fd610e05730_0, 0, 1;
    .scope S_0x7fd610e05650;
T_0 ;
    %wait E_0x7fd610e00900;
    %load/v 8, v0x7fd610e159d0_0, 1;
    %jmp/0xz  T_0.0, 8;
    %ix/load 0, 10, 0;
    %assign/v0 v0x7fd610e05730_0, 0, 0;
    %jmp T_0.1;
T_0.0 ;
    %load/v 8, v0x7fd610e15910_0, 1;
    %jmp/0xz  T_0.2, 8;
    %ix/load 1, 1, 0;
    %mov 4, 0, 1;
    %jmp/1 T_0.4, 4;
    %load/x1p 8, v0x7fd610e05730_0, 1;
    %jmp T_0.5;
T_0.4 ;
    %mov 8, 2, 1;
T_0.5 ;
; Save base=8 wid=1 in lookaside.
    %ix/load 0, 1, 0;
    %ix/load 1, 0, 0;
    %assign/v0/x1 v0x7fd610e05730_0, 0, 8;
    %ix/load 1, 2, 0;
    %mov 4, 0, 1;
    %jmp/1 T_0.6, 4;
    %load/x1p 8, v0x7fd610e05730_0, 1;
    %jmp T_0.7;
T_0.6 ;
    %mov 8, 2, 1;
T_0.7 ;
; Save base=8 wid=1 in lookaside.
    %ix/load 0, 1, 0;
    %ix/load 1, 1, 0;
    %assign/v0/x1 v0x7fd610e05730_0, 0, 8;
    %ix/load 1, 3, 0;
    %mov 4, 0, 1;
    %jmp/1 T_0.8, 4;
    %load/x1p 8, v0x7fd610e05730_0, 1;
    %jmp T_0.9;
T_0.8 ;
    %mov 8, 2, 1;
T_0.9 ;
; Save base=8 wid=1 in lookaside.
    %ix/load 0, 1, 0;
    %ix/load 1, 2, 0;
    %assign/v0/x1 v0x7fd610e05730_0, 0, 8;
    %ix/load 1, 4, 0;
    %mov 4, 0, 1;
    %jmp/1 T_0.10, 4;
    %load/x1p 8, v0x7fd610e05730_0, 1;
    %jmp T_0.11;
T_0.10 ;
    %mov 8, 2, 1;
T_0.11 ;
; Save base=8 wid=1 in lookaside.
    %ix/load 0, 1, 0;
    %ix/load 1, 3, 0;
    %assign/v0/x1 v0x7fd610e05730_0, 0, 8;
    %ix/load 1, 5, 0;
    %mov 4, 0, 1;
    %jmp/1 T_0.12, 4;
    %load/x1p 8, v0x7fd610e05730_0, 1;
    %jmp T_0.13;
T_0.12 ;
    %mov 8, 2, 1;
T_0.13 ;
; Save base=8 wid=1 in lookaside.
    %ix/load 0, 1, 0;
    %ix/load 1, 4, 0;
    %assign/v0/x1 v0x7fd610e05730_0, 0, 8;
    %ix/load 1, 6, 0;
    %mov 4, 0, 1;
    %jmp/1 T_0.14, 4;
    %load/x1p 8, v0x7fd610e05730_0, 1;
    %jmp T_0.15;
T_0.14 ;
    %mov 8, 2, 1;
T_0.15 ;
; Save base=8 wid=1 in lookaside.
    %ix/load 0, 1, 0;
    %ix/load 1, 5, 0;
    %assign/v0/x1 v0x7fd610e05730_0, 0, 8;
    %ix/load 1, 7, 0;
    %mov 4, 0, 1;
    %jmp/1 T_0.16, 4;
    %load/x1p 8, v0x7fd610e05730_0, 1;
    %jmp T_0.17;
T_0.16 ;
    %mov 8, 2, 1;
T_0.17 ;
; Save base=8 wid=1 in lookaside.
    %ix/load 0, 1, 0;
    %ix/load 1, 6, 0;
    %assign/v0/x1 v0x7fd610e05730_0, 0, 8;
    %ix/load 1, 8, 0;
    %mov 4, 0, 1;
    %jmp/1 T_0.18, 4;
    %load/x1p 8, v0x7fd610e05730_0, 1;
    %jmp T_0.19;
T_0.18 ;
    %mov 8, 2, 1;
T_0.19 ;
; Save base=8 wid=1 in lookaside.
    %ix/load 0, 1, 0;
    %ix/load 1, 7, 0;
    %assign/v0/x1 v0x7fd610e05730_0, 0, 8;
    %ix/load 1, 9, 0;
    %mov 4, 0, 1;
    %jmp/1 T_0.20, 4;
    %load/x1p 8, v0x7fd610e05730_0, 1;
    %jmp T_0.21;
T_0.20 ;
    %mov 8, 2, 1;
T_0.21 ;
; Save base=8 wid=1 in lookaside.
    %ix/load 0, 1, 0;
    %ix/load 1, 8, 0;
    %assign/v0/x1 v0x7fd610e05730_0, 0, 8;
    %ix/load 0, 1, 0;
    %ix/load 1, 9, 0;
    %assign/v0/x1 v0x7fd610e05730_0, 0, 1;
    %jmp T_0.3;
T_0.2 ;
    %load/v 8, v0x7fd610e15800_0, 10;
    %ix/load 0, 10, 0;
    %assign/v0 v0x7fd610e05730_0, 0, 8;
T_0.3 ;
T_0.1 ;
    %jmp T_0;
    .thread T_0;
# The file index is used to find the file name in the following table.
:file_names 3;
    "N/A";
    "<interactive>";
    "PISO.v";
