#! c:/iverilog-x86/bin/vvp
:ivl_version "10.0 (stable)" "(v10_0)";
:ivl_delay_selection "TYPICAL";
:vpi_time_precision + 0;
:vpi_module "system";
:vpi_module "vhdl_sys";
:vpi_module "v2005_math";
:vpi_module "va_math";
S_011935f8 .scope module, "characterBitCount" "characterBitCount" 2 11;
 .timescale 0 0;
    .port_info 0 /OUTPUT 1 "charReceived"
    .port_info 1 /OUTPUT 1 "SRclk"
    .port_info 2 /OUTPUT 4 "BIC"
    .port_info 3 /OUTPUT 4 "BSC"
    .port_info 4 /INPUT 1 "clk"
    .port_info 5 /INPUT 1 "reset"
    .port_info 6 /INPUT 1 "bitStream"
    .port_info 7 /INPUT 1 "enable"
v02763bf0_0 .net "BIC", 3 0, L_0119ef30;  1 drivers
v011936c8_0 .net "BSC", 3 0, L_0119ef88;  1 drivers
v01193720_0 .var "SRclk", 0 0;
o0276401c .functor BUFZ 1, C4<z>; HiZ drive
v01193778_0 .net "bitStream", 0 0, o0276401c;  0 drivers
v0119ed78_0 .var "charReceived", 0 0;
o0276404c .functor BUFZ 1, C4<z>; HiZ drive
v0119edd0_0 .net "clk", 0 0, o0276404c;  0 drivers
v0119ee28_0 .var "combinedCounter", 7 0;
o0276407c .functor BUFZ 1, C4<z>; HiZ drive
v0119ee80_0 .net "enable", 0 0, o0276407c;  0 drivers
o02764094 .functor BUFZ 1, C4<z>; HiZ drive
v0119eed8_0 .net "reset", 0 0, o02764094;  0 drivers
E_01198910 .event posedge, v0119edd0_0;
L_0119ef30 .part v0119ee28_0, 4, 4;
L_0119ef88 .part v0119ee28_0, 0, 4;
    .scope S_011935f8;
T_0 ;
    %wait E_01198910;
    %load/vec4 v0119eed8_0;
    %flag_set/vec4 8;
    %jmp/0xz  T_0.0, 8;
    %pushi/vec4 0, 0, 1;
    %store/vec4 v0119ed78_0, 0, 1;
    %pushi/vec4 0, 0, 1;
    %store/vec4 v01193720_0, 0, 1;
    %pushi/vec4 0, 0, 8;
    %store/vec4 v0119ee28_0, 0, 8;
    %jmp T_0.1;
T_0.0 ;
    %load/vec4 v0119ee80_0;
    %flag_set/vec4 8;
    %jmp/0xz  T_0.2, 8;
    %pushi/vec4 0, 0, 1;
    %store/vec4 v0119ed78_0, 0, 1;
    %load/vec4 v0119ee28_0;
    %addi 1, 0, 8;
    %store/vec4 v0119ee28_0, 0, 8;
    %pushi/vec4 8, 0, 4;
    %cmpi/e 8, 0, 4;
    %jmp/0xz  T_0.4, 4;
    %pushi/vec4 1, 0, 1;
    %store/vec4 v01193720_0, 0, 1;
    %jmp T_0.5;
T_0.4 ;
    %pushi/vec4 0, 0, 1;
    %store/vec4 v01193720_0, 0, 1;
T_0.5 ;
    %jmp T_0.3;
T_0.2 ;
    %pushi/vec4 0, 0, 1;
    %store/vec4 v01193720_0, 0, 1;
    %pushi/vec4 9, 0, 4;
    %cmpi/e 9, 0, 4;
    %jmp/0xz  T_0.6, 4;
    %pushi/vec4 0, 0, 8;
    %store/vec4 v0119ee28_0, 0, 8;
    %pushi/vec4 1, 0, 1;
    %store/vec4 v0119ed78_0, 0, 1;
    %jmp T_0.7;
T_0.6 ;
    %pushi/vec4 0, 0, 1;
    %store/vec4 v0119ed78_0, 0, 1;
    %load/vec4 v0119ee28_0;
    %store/vec4 v0119ee28_0, 0, 8;
T_0.7 ;
T_0.3 ;
T_0.1 ;
    %jmp T_0;
    .thread T_0;
# The file index is used to find the file name in the following table.
:file_names 3;
    "N/A";
    "<interactive>";
    "characterBitCount.v";
